<?xml version="1.0" encoding="UTF-8"?>
<!-- Generated by org.testng.reporters.JUnitReportReporter -->
<testsuite hostname="LAPTOP-B6H6OQ27" failures="0" tests="2" name="testpackages.LoginTest" time="0.032" errors="0" timestamp="31 Jan 2021 08:08:27 GMT" skipped="0">
  <testcase classname="testpackages.LoginTest" name="logintest" time="0.031"/>
  <testcase classname="testpackages.LoginTest" name="logoTest" time="0.001"/>
</testsuite> <!-- testpackages.LoginTest -->
